[debug] [2025-03-15T21:15:06.054Z] ----------------------------------------------------------------------
[debug] [2025-03-15T21:15:06.058Z] Command:       /opt/homebrew/Cellar/node/23.6.0/bin/node /opt/homebrew/bin/firebase init
[debug] [2025-03-15T21:15:06.059Z] CLI Version:   13.34.0
[debug] [2025-03-15T21:15:06.059Z] Platform:      darwin
[debug] [2025-03-15T21:15:06.059Z] Node Version:  v23.6.0
[debug] [2025-03-15T21:15:06.059Z] Time:          Sun Mar 16 2025 00:15:06 GMT+0300 (Arabian Standard Time)
[debug] [2025-03-15T21:15:06.059Z] ----------------------------------------------------------------------
[debug] 
[debug] [2025-03-15T21:15:06.063Z] > command requires scopes: ["email","openid","https://www.googleapis.com/auth/cloudplatformprojects.readonly","https://www.googleapis.com/auth/firebase","https://www.googleapis.com/auth/cloud-platform"]
[debug] [2025-03-15T21:15:06.063Z] > authorizing via signed-in user (d.mayadah@gmail.com)
[info] 
     ######## #### ########  ######## ########     ###     ######  ########
     ##        ##  ##     ## ##       ##     ##  ##   ##  ##       ##
     ######    ##  ########  ######   ########  #########  ######  ######
     ##        ##  ##    ##  ##       ##     ## ##     ##       ## ##
     ##       #### ##     ## ######## ########  ##     ##  ######  ########

You're about to initialize a Firebase project in this directory:

  /Users/mayadaharifi/lettersGame

[info] 
=== Project Setup
[info] 
[info] First, let's associate this project directory with a Firebase project.
[info] You can create multiple project aliases by running firebase use --add, 
[info] but for now we'll just set up a default project.
[info] 
[debug] [2025-03-15T21:15:27.208Z] Checked if tokens are valid: true, expires at: 1742076673232
[debug] [2025-03-15T21:15:27.209Z] Checked if tokens are valid: true, expires at: 1742076673232
[debug] [2025-03-15T21:15:27.210Z] >>> [apiv2][query] GET https://firebase.googleapis.com/v1beta1/projects pageSize=100
[debug] [2025-03-15T21:15:28.267Z] <<< [apiv2][status] GET https://firebase.googleapis.com/v1beta1/projects 200
[debug] [2025-03-15T21:15:28.268Z] <<< [apiv2][body] GET https://firebase.googleapis.com/v1beta1/projects [omitted]
[info] i  Using project letters-game-horof (letters-game) 
[info] 
=== Firestore Setup
[debug] [2025-03-15T21:15:31.199Z] Checked if tokens are valid: true, expires at: 1742076673232
[debug] [2025-03-15T21:15:31.199Z] Checked if tokens are valid: true, expires at: 1742076673232
[debug] [2025-03-15T21:15:31.200Z] >>> [apiv2][query] GET https://serviceusage.googleapis.com/v1/projects/letters-game-horof/services/firestore.googleapis.com [none]
[debug] [2025-03-15T21:15:31.200Z] >>> [apiv2][(partial)header] GET https://serviceusage.googleapis.com/v1/projects/letters-game-horof/services/firestore.googleapis.com x-goog-quota-user=projects/letters-game-horof
[debug] [2025-03-15T21:15:35.336Z] <<< [apiv2][status] GET https://serviceusage.googleapis.com/v1/projects/letters-game-horof/services/firestore.googleapis.com 200
[debug] [2025-03-15T21:15:35.336Z] <<< [apiv2][body] GET https://serviceusage.googleapis.com/v1/projects/letters-game-horof/services/firestore.googleapis.com [omitted]
[debug] [2025-03-15T21:15:35.336Z] Checked if tokens are valid: true, expires at: 1742076673232
[debug] [2025-03-15T21:15:35.336Z] Checked if tokens are valid: true, expires at: 1742076673232
[debug] [2025-03-15T21:15:35.336Z] >>> [apiv2][query] GET https://firestore.googleapis.com/v1/projects/letters-game-horof/databases/(default) [none]
[debug] [2025-03-15T21:15:36.679Z] <<< [apiv2][status] GET https://firestore.googleapis.com/v1/projects/letters-game-horof/databases/(default) 200
[debug] [2025-03-15T21:15:36.679Z] <<< [apiv2][body] GET https://firestore.googleapis.com/v1/projects/letters-game-horof/databases/(default) {"name":"projects/letters-game-horof/databases/(default)","uid":"eeca45e3-b3ca-4347-8f6c-c588891d7df1","createTime":"2025-03-15T21:14:04.580705Z","updateTime":"2025-03-15T21:14:04.580705Z","locationId":"me-central2","type":"FIRESTORE_NATIVE","concurrencyMode":"PESSIMISTIC","versionRetentionPeriod":"3600s","earliestVersionTime":"2025-03-15T21:14:04.580705Z","appEngineIntegrationMode":"DISABLED","pointInTimeRecoveryEnablement":"POINT_IN_TIME_RECOVERY_DISABLED","deleteProtectionState":"DELETE_PROTECTION_DISABLED","databaseEdition":"STANDARD","etag":"IObksfOAjYwDMOH2qceAjYwD"}
[debug] [2025-03-15T21:15:36.679Z] database_type: FIRESTORE_NATIVE
[debug] [2025-03-15T21:15:36.679Z] database_type: FIRESTORE_NATIVE
[debug] [2025-03-15T21:15:36.680Z] > command requires scopes: ["email","openid","https://www.googleapis.com/auth/cloudplatformprojects.readonly","https://www.googleapis.com/auth/firebase","https://www.googleapis.com/auth/cloud-platform"]
[debug] [2025-03-15T21:15:36.680Z] > authorizing via signed-in user (d.mayadah@gmail.com)
[debug] [2025-03-15T21:15:36.680Z] [iam] checking project letters-game-horof for permissions ["firebase.projects.get"]
[debug] [2025-03-15T21:15:36.680Z] Checked if tokens are valid: true, expires at: 1742076673232
[debug] [2025-03-15T21:15:36.680Z] Checked if tokens are valid: true, expires at: 1742076673232
[debug] [2025-03-15T21:15:36.680Z] >>> [apiv2][query] POST https://cloudresourcemanager.googleapis.com/v1/projects/letters-game-horof:testIamPermissions [none]
[debug] [2025-03-15T21:15:36.680Z] >>> [apiv2][(partial)header] POST https://cloudresourcemanager.googleapis.com/v1/projects/letters-game-horof:testIamPermissions x-goog-quota-user=projects/letters-game-horof
[debug] [2025-03-15T21:15:36.680Z] >>> [apiv2][body] POST https://cloudresourcemanager.googleapis.com/v1/projects/letters-game-horof:testIamPermissions {"permissions":["firebase.projects.get"]}
[debug] [2025-03-15T21:15:38.196Z] <<< [apiv2][status] POST https://cloudresourcemanager.googleapis.com/v1/projects/letters-game-horof:testIamPermissions 200
[debug] [2025-03-15T21:15:38.196Z] <<< [apiv2][body] POST https://cloudresourcemanager.googleapis.com/v1/projects/letters-game-horof:testIamPermissions {"permissions":["firebase.projects.get"]}
[info] 
[info] Firestore Security Rules allow you to define how and when to allow
[info] requests. You can keep these rules in your project directory
[info] and publish them with firebase deploy.
[info] 
[debug] [2025-03-15T21:15:40.596Z] Checked if tokens are valid: true, expires at: 1742076673232
[debug] [2025-03-15T21:15:40.596Z] Checked if tokens are valid: true, expires at: 1742076673232
[debug] [2025-03-15T21:15:40.596Z] >>> [apiv2][query] GET https://firebaserules.googleapis.com/v1/projects/letters-game-horof/releases pageSize=10&pageToken=
[debug] [2025-03-15T21:15:41.905Z] <<< [apiv2][status] GET https://firebaserules.googleapis.com/v1/projects/letters-game-horof/releases 200
[debug] [2025-03-15T21:15:41.905Z] <<< [apiv2][body] GET https://firebaserules.googleapis.com/v1/projects/letters-game-horof/releases {"releases":[{"name":"projects/letters-game-horof/releases/cloud.firestore","rulesetName":"projects/letters-game-horof/rulesets/50de4177-ad67-4dfd-b640-9d4292834e8f","createTime":"2025-03-15T21:14:12.126727Z","updateTime":"2025-03-15T21:14:12.126727Z"}]}
[debug] [2025-03-15T21:15:41.905Z] Found ruleset: projects/letters-game-horof/rulesets/50de4177-ad67-4dfd-b640-9d4292834e8f
[debug] [2025-03-15T21:15:41.905Z] Checked if tokens are valid: true, expires at: 1742076673232
[debug] [2025-03-15T21:15:41.905Z] Checked if tokens are valid: true, expires at: 1742076673232
[debug] [2025-03-15T21:15:41.905Z] >>> [apiv2][query] GET https://firebaserules.googleapis.com/v1/projects/letters-game-horof/rulesets/50de4177-ad67-4dfd-b640-9d4292834e8f [none]
[debug] [2025-03-15T21:15:42.719Z] <<< [apiv2][status] GET https://firebaserules.googleapis.com/v1/projects/letters-game-horof/rulesets/50de4177-ad67-4dfd-b640-9d4292834e8f 200
[debug] [2025-03-15T21:15:42.719Z] <<< [apiv2][body] GET https://firebaserules.googleapis.com/v1/projects/letters-game-horof/rulesets/50de4177-ad67-4dfd-b640-9d4292834e8f [omitted]
[info] 
[info] Firestore indexes allow you to perform complex queries while
[info] maintaining performance that scales with the size of the result
[info] set. You can keep index definitions in your project directory
[info] and publish them with firebase deploy.
[info] 
[debug] [2025-03-15T21:15:50.796Z] Checked if tokens are valid: true, expires at: 1742076673232
[debug] [2025-03-15T21:15:50.796Z] Checked if tokens are valid: true, expires at: 1742076673232
[debug] [2025-03-15T21:15:50.796Z] Checked if tokens are valid: true, expires at: 1742076673232
[debug] [2025-03-15T21:15:50.796Z] Checked if tokens are valid: true, expires at: 1742076673232
[debug] [2025-03-15T21:15:50.796Z] >>> [apiv2][query] GET https://firestore.googleapis.com/v1/projects/letters-game-horof/databases/(default)/collectionGroups/-/indexes [none]
[debug] [2025-03-15T21:15:50.797Z] >>> [apiv2][query] GET https://firestore.googleapis.com/v1/projects/letters-game-horof/databases/(default)/collectionGroups/-/fields?filter=indexConfig.usesAncestorConfig=false OR ttlConfig:* [none]
[debug] [2025-03-15T21:15:52.030Z] <<< [apiv2][status] GET https://firestore.googleapis.com/v1/projects/letters-game-horof/databases/(default)/collectionGroups/-/indexes 200
[debug] [2025-03-15T21:15:52.030Z] <<< [apiv2][body] GET https://firestore.googleapis.com/v1/projects/letters-game-horof/databases/(default)/collectionGroups/-/indexes {}
[debug] [2025-03-15T21:15:52.396Z] <<< [apiv2][status] GET https://firestore.googleapis.com/v1/projects/letters-game-horof/databases/(default)/collectionGroups/-/fields?filter=indexConfig.usesAncestorConfig=false OR ttlConfig:* 200
[debug] [2025-03-15T21:15:52.396Z] <<< [apiv2][body] GET https://firestore.googleapis.com/v1/projects/letters-game-horof/databases/(default)/collectionGroups/-/fields?filter=indexConfig.usesAncestorConfig=false OR ttlConfig:* {"fields":[{"name":"projects/letters-game-horof/databases/(default)/collectionGroups/__default__/fields/*","indexConfig":{"indexes":[{"queryScope":"COLLECTION","fields":[{"fieldPath":"*","order":"ASCENDING"}],"state":"READY"},{"queryScope":"COLLECTION","fields":[{"fieldPath":"*","order":"DESCENDING"}],"state":"READY"},{"queryScope":"COLLECTION","fields":[{"fieldPath":"*","arrayConfig":"CONTAINS"}],"state":"READY"}]}}]}
[info] 
=== Database Setup
[info] i  database: ensuring required API firebasedatabase.googleapis.com is enabled... 
[debug] [2025-03-15T21:15:52.397Z] Checked if tokens are valid: true, expires at: 1742076673232
[debug] [2025-03-15T21:15:52.397Z] Checked if tokens are valid: true, expires at: 1742076673232
[debug] [2025-03-15T21:15:52.397Z] >>> [apiv2][query] GET https://serviceusage.googleapis.com/v1/projects/letters-game-horof/services/firebasedatabase.googleapis.com [none]
[debug] [2025-03-15T21:15:52.397Z] >>> [apiv2][(partial)header] GET https://serviceusage.googleapis.com/v1/projects/letters-game-horof/services/firebasedatabase.googleapis.com x-goog-quota-user=projects/letters-game-horof
[debug] [2025-03-15T21:15:53.416Z] <<< [apiv2][status] GET https://serviceusage.googleapis.com/v1/projects/letters-game-horof/services/firebasedatabase.googleapis.com 200
[debug] [2025-03-15T21:15:53.416Z] <<< [apiv2][body] GET https://serviceusage.googleapis.com/v1/projects/letters-game-horof/services/firebasedatabase.googleapis.com [omitted]
[warn] ⚠  database: missing required API firebasedatabase.googleapis.com. Enabling now... 
[debug] [2025-03-15T21:15:53.417Z] Checked if tokens are valid: true, expires at: 1742076673232
[debug] [2025-03-15T21:15:53.417Z] Checked if tokens are valid: true, expires at: 1742076673232
[debug] [2025-03-15T21:15:53.417Z] >>> [apiv2][query] POST https://serviceusage.googleapis.com/v1/projects/letters-game-horof/services/firebasedatabase.googleapis.com:enable [none]
[debug] [2025-03-15T21:15:53.417Z] >>> [apiv2][(partial)header] POST https://serviceusage.googleapis.com/v1/projects/letters-game-horof/services/firebasedatabase.googleapis.com:enable x-goog-quota-user=projects/letters-game-horof
[debug] [2025-03-15T21:15:54.653Z] <<< [apiv2][status] POST https://serviceusage.googleapis.com/v1/projects/letters-game-horof/services/firebasedatabase.googleapis.com:enable 200
[debug] [2025-03-15T21:15:54.653Z] <<< [apiv2][body] POST https://serviceusage.googleapis.com/v1/projects/letters-game-horof/services/firebasedatabase.googleapis.com:enable [omitted]
[debug] [2025-03-15T21:16:04.653Z] Checked if tokens are valid: true, expires at: 1742076673232
[debug] [2025-03-15T21:16:04.653Z] Checked if tokens are valid: true, expires at: 1742076673232
[debug] [2025-03-15T21:16:04.653Z] >>> [apiv2][query] GET https://serviceusage.googleapis.com/v1/projects/letters-game-horof/services/firebasedatabase.googleapis.com [none]
[debug] [2025-03-15T21:16:04.653Z] >>> [apiv2][(partial)header] GET https://serviceusage.googleapis.com/v1/projects/letters-game-horof/services/firebasedatabase.googleapis.com x-goog-quota-user=projects/letters-game-horof
[debug] [2025-03-15T21:16:19.654Z] <<< [apiv2][status] GET https://serviceusage.googleapis.com/v1/projects/letters-game-horof/services/firebasedatabase.googleapis.com 200
[debug] [2025-03-15T21:16:19.655Z] <<< [apiv2][body] GET https://serviceusage.googleapis.com/v1/projects/letters-game-horof/services/firebasedatabase.googleapis.com [omitted]
[info] ✔  database: required API firebasedatabase.googleapis.com is enabled 
[info] 
[debug] [2025-03-15T21:16:19.658Z] Checked if tokens are valid: true, expires at: 1742076673232
[debug] [2025-03-15T21:16:19.658Z] Checked if tokens are valid: true, expires at: 1742076673232
[debug] [2025-03-15T21:16:19.658Z] >>> [apiv2][query] GET https://firebase.googleapis.com/v1beta1/projects/letters-game-horof [none]
[debug] [2025-03-15T21:16:24.244Z] <<< [apiv2][status] GET https://firebase.googleapis.com/v1beta1/projects/letters-game-horof 200
[debug] [2025-03-15T21:16:24.244Z] <<< [apiv2][body] GET https://firebase.googleapis.com/v1beta1/projects/letters-game-horof {"projectId":"letters-game-horof","projectNumber":"248986334410","displayName":"letters-game","name":"projects/letters-game-horof","resources":{"hostingSite":"letters-game-horof"},"state":"ACTIVE","etag":"1_66592e94-e46b-4d3c-ba82-7078591e4293"}
[debug] [2025-03-15T21:17:11.026Z] Checked if tokens are valid: true, expires at: 1742076673232
[debug] [2025-03-15T21:17:11.027Z] Checked if tokens are valid: true, expires at: 1742076673232
[debug] [2025-03-15T21:17:11.027Z] >>> [apiv2][query] POST https://firebasedatabase.googleapis.com/v1beta/projects/letters-game-horof/locations/europe-west1/instances databaseId=letters-game-horof-default-rtdb&validateOnly=true
[debug] [2025-03-15T21:17:11.027Z] >>> [apiv2][body] POST https://firebasedatabase.googleapis.com/v1beta/projects/letters-game-horof/locations/europe-west1/instances {"type":"default_database"}
[debug] [2025-03-15T21:17:21.029Z] *** [apiv2] error from fetch(https://firebasedatabase.googleapis.com/v1beta/projects/letters-game-horof/locations/europe-west1/instances?databaseId=letters-game-horof-default-rtdb&validateOnly=true, {"headers":{},"method":"POST","signal":{},"body":"{\"type\":\"default_database\"}"}): AbortError: The user aborted a request.
[debug] [2025-03-15T21:17:21.030Z] Invalid Realtime Database instance name: letters-game-horof-default-rtdb. Timeout reached making request to https://firebasedatabase.googleapis.com/v1beta/projects/letters-game-horof/locations/europe-west1/instances?databaseId=letters-game-horof-default-rtdb&validateOnly=true
[debug] [2025-03-15T21:17:22.102Z] TypeError: Cannot read properties of undefined (reading 'body')
    at checkInstanceNameAvailable (/opt/homebrew/lib/node_modules/firebase-tools/lib/management/database.js:106:37)
    at process.processTicksAndRejections (node:internal/process/task_queues:105:5)
    at async createDefaultDatabaseInstance (/opt/homebrew/lib/node_modules/firebase-tools/lib/init/features/database.js:50:25)
    at async doSetup (/opt/homebrew/lib/node_modules/firebase-tools/lib/init/features/database.js:89:35)
    at async init (/opt/homebrew/lib/node_modules/firebase-tools/lib/init/index.js:41:9)
[error] 
[error] Error: An unexpected error has occurred.
